<?xml version="1.0" encoding="UTF-8"?>
<Site BuildName="(empty)"
	BuildStamp="20240606-2053-Experimental"
	Name="abdalla-G3-3500"
	Generator="ctest-3.16.3"
	CompilerName="/usr/bin/c++"
	CompilerVersion="9.4.0"
	OSName="Linux"
	Hostname="abdalla-G3-3500"
	OSRelease="5.4.0-182-generic"
	OSVersion="#202-Ubuntu SMP Fri Apr 26 12:29:36 UTC 2024"
	OSPlatform="x86_64"
	Is64Bits="1"
	VendorString="GenuineIntel"
	VendorID="Intel Corporation"
	FamilyID="6"
	ModelID="165"
	ProcessorCacheSize="12288"
	NumberOfLogicalCPU="12"
	NumberOfPhysicalCPU="6"
	TotalVirtualMemory="2047"
	TotalPhysicalMemory="7737"
	LogicalProcessorsPerPhysical="2"
	ProcessorClockFrequency="3057.76"
	>
	<Testing>
		<StartDateTime>Jun 06 23:53 EEST</StartDateTime>
		<StartTestTime>1717707231</StartTestTime>
		<TestList/>
		<EndDateTime>Jun 06 23:53 EEST</EndDateTime>
		<EndTestTime>1717707231</EndTestTime>
		<ElapsedMinutes>0</ElapsedMinutes>
	</Testing>
</Site>
